[debug] ----------------------------------------------------------------------
[debug] Command:      /usr/local/bin/node /usr/local/bin/firebase serve
[debug] CLI Version:  3.4.0
[debug] Platform:     darwin
[debug] Node Version: v6.1.0
[debug] Time:         Fri Apr 28 2017 11:22:54 GMT-0400 (EDT)
[debug] ----------------------------------------------------------------------
[debug] 
[info] Starting Firebase development server...
[info] 
[info] Project Directory: /Users/annabrown/Desktop/streetartmap
[info] Public Directory: public
[info] 
[info] Server listening at: http://localhost:5000
[debug] ----------------------------------------------------------------------
[debug] Command:      /usr/local/bin/node /usr/local/bin/firebase serve
[debug] CLI Version:  3.4.0
[debug] Platform:     darwin
[debug] Node Version: v6.1.0
[debug] Time:         Tue May 02 2017 12:02:20 GMT-0400 (EDT)
[debug] ----------------------------------------------------------------------
[debug] 
[info] Starting Firebase development server...
[info] 
[info] Project Directory: /Users/annabrown/Desktop/streetartmap
[info] Public Directory: public
[info] 
[info] Server listening at: http://localhost:5000
[debug] ----------------------------------------------------------------------
[debug] Command:      /usr/local/bin/node /usr/local/bin/firebase serve
[debug] CLI Version:  3.4.0
[debug] Platform:     darwin
[debug] Node Version: v6.1.0
[debug] Time:         Tue May 02 2017 16:00:15 GMT-0400 (EDT)
[debug] ----------------------------------------------------------------------
[debug] 
[info] Starting Firebase development server...
[info] 
[info] Project Directory: /Users/annabrown/Desktop/streetartmap
[info] Public Directory: public
[info] 
[info] Server listening at: http://localhost:5000
