0 info it worked if it ends with ok
1 verbose cli [ '/usr/local/bin/node',
1 verbose cli   '/usr/local/bin/npm',
1 verbose cli   'run',
1 verbose cli   'build-css' ]
2 info using npm@3.8.6
3 info using node@v6.1.0
4 verbose run-script [ 'prebuild-css', 'build-css', 'postbuild-css' ]
5 info lifecycle streetartmap@1.0.0~prebuild-css: streetartmap@1.0.0
6 silly lifecycle streetartmap@1.0.0~prebuild-css: no script for prebuild-css, continuing
7 info lifecycle streetartmap@1.0.0~build-css: streetartmap@1.0.0
8 verbose lifecycle streetartmap@1.0.0~build-css: unsafe-perm in lifecycle true
9 verbose lifecycle streetartmap@1.0.0~build-css: PATH: /usr/local/lib/node_modules/npm/bin/node-gyp-bin:/Users/annabrown/Desktop/streetartmap/node_modules/.bin:/usr/local/bin:/Users/annabrown/google/google-cloud-sdk/bin:/usr/local/bin:/usr/bin:/bin:/usr/sbin:/sbin:/Applications/Postgres.app/Contents/Versions/latest/bin
10 verbose lifecycle streetartmap@1.0.0~build-css: CWD: /Users/annabrown/Desktop/streetartmap
11 silly lifecycle streetartmap@1.0.0~build-css: Args: [ '-c',
11 silly lifecycle   'node-sass --include-path scss assets/main.scss public/main.css' ]
12 silly lifecycle streetartmap@1.0.0~build-css: Returned: code: 1  signal: null
13 info lifecycle streetartmap@1.0.0~build-css: Failed to exec build-css script
14 verbose stack Error: streetartmap@1.0.0 build-css: `node-sass --include-path scss assets/main.scss public/main.css`
14 verbose stack Exit status 1
14 verbose stack     at EventEmitter.<anonymous> (/usr/local/lib/node_modules/npm/lib/utils/lifecycle.js:239:16)
14 verbose stack     at emitTwo (events.js:106:13)
14 verbose stack     at EventEmitter.emit (events.js:191:7)
14 verbose stack     at ChildProcess.<anonymous> (/usr/local/lib/node_modules/npm/lib/utils/spawn.js:24:14)
14 verbose stack     at emitTwo (events.js:106:13)
14 verbose stack     at ChildProcess.emit (events.js:191:7)
14 verbose stack     at maybeClose (internal/child_process.js:850:16)
14 verbose stack     at Process.ChildProcess._handle.onexit (internal/child_process.js:215:5)
15 verbose pkgid streetartmap@1.0.0
16 verbose cwd /Users/annabrown/Desktop/streetartmap/assets
17 error Darwin 15.6.0
18 error argv "/usr/local/bin/node" "/usr/local/bin/npm" "run" "build-css"
19 error node v6.1.0
20 error npm  v3.8.6
21 error code ELIFECYCLE
22 error streetartmap@1.0.0 build-css: `node-sass --include-path scss assets/main.scss public/main.css`
22 error Exit status 1
23 error Failed at the streetartmap@1.0.0 build-css script 'node-sass --include-path scss assets/main.scss public/main.css'.
23 error Make sure you have the latest version of node.js and npm installed.
23 error If you do, this is most likely a problem with the streetartmap package,
23 error not with npm itself.
23 error Tell the author that this fails on your system:
23 error     node-sass --include-path scss assets/main.scss public/main.css
23 error You can get information on how to open an issue for this project with:
23 error     npm bugs streetartmap
23 error Or if that isn't available, you can get their info via:
23 error     npm owner ls streetartmap
23 error There is likely additional logging output above.
24 verbose exit [ 1, true ]
